{
  "stats": {
    "suites": 1,
    "tests": 3,
    "passes": 3,
    "pending": 0,
    "failures": 0,
    "start": "2026-04-21T19:06:06.284Z",
    "end": "2026-04-21T19:06:08.873Z",
    "duration": 2589,
    "testsRegistered": 3,
    "passPercent": 100,
    "pendingPercent": 0,
    "other": 0,
    "hasOther": false,
    "skipped": 0,
    "hasSkipped": false
  },
  "results": [
    {
      "uuid": "95b67135-7c49-43c9-8c87-89c7a69c8f10",
      "title": "",
      "fullFile": "cypress\\e2e\\homePageSanity.cy.js",
      "file": "cypress\\e2e\\homePageSanity.cy.js",
      "beforeHooks": [],
      "afterHooks": [],
      "tests": [],
      "suites": [
        {
          "uuid": "8d210453-7c6a-4a7b-b753-e5f6b2856d17",
          "title": "Home Page Sanity",
          "fullFile": "",
          "file": "",
          "beforeHooks": [],
          "afterHooks": [],
          "tests": [
            {
              "title": "should return HTTP 200 and display the correct page title",
              "fullTitle": "Home Page Sanity should return HTTP 200 and display the correct page title",
              "timedOut": null,
              "duration": 1305,
              "state": "passed",
              "speed": "fast",
              "pass": true,
              "fail": false,
              "pending": false,
              "context": null,
              "code": "cy.request('/').its('status').should('eq', 200);\ncy.title().should('eq', this.homedata.title);",
              "err": {},
              "uuid": "d4cabcc9-33ee-4fcb-aadb-dea6b8549c44",
              "parentUUID": "8d210453-7c6a-4a7b-b753-e5f6b2856d17",
              "isHook": false,
              "skipped": false
            },
            {
              "title": "should display the Contact form with all required fields visible",
              "fullTitle": "Home Page Sanity should display the Contact form with all required fields visible",
              "timedOut": null,
              "duration": 582,
              "state": "passed",
              "speed": "fast",
              "pass": true,
              "fail": false,
              "pending": false,
              "context": null,
              "code": "_homePage.default.validateContactForm();",
              "err": {},
              "uuid": "59ad50db-3b2a-4d6a-8320-c8ed08b9f45b",
              "parentUUID": "8d210453-7c6a-4a7b-b753-e5f6b2856d17",
              "isHook": false,
              "skipped": false
            },
            {
              "title": "should display Book Now buttons for all listed room types",
              "fullTitle": "Home Page Sanity should display Book Now buttons for all listed room types",
              "timedOut": null,
              "duration": 540,
              "state": "passed",
              "speed": "fast",
              "pass": true,
              "fail": false,
              "pending": false,
              "context": null,
              "code": "_homePage.default.validateBookNow(this.homedata.booknow);",
              "err": {},
              "uuid": "55a23e38-99a0-4764-98fe-691117e38800",
              "parentUUID": "8d210453-7c6a-4a7b-b753-e5f6b2856d17",
              "isHook": false,
              "skipped": false
            }
          ],
          "suites": [],
          "passes": [
            "d4cabcc9-33ee-4fcb-aadb-dea6b8549c44",
            "59ad50db-3b2a-4d6a-8320-c8ed08b9f45b",
            "55a23e38-99a0-4764-98fe-691117e38800"
          ],
          "failures": [],
          "pending": [],
          "skipped": [],
          "duration": 2427,
          "root": false,
          "rootEmpty": false,
          "_timeout": 2000
        }
      ],
      "passes": [],
      "failures": [],
      "pending": [],
      "skipped": [],
      "duration": 0,
      "root": true,
      "rootEmpty": true,
      "_timeout": 2000
    }
  ],
  "meta": {
    "mocha": {
      "version": "7.2.0"
    },
    "mochawesome": {
      "options": {
        "quiet": false,
        "reportFilename": "mochawesome",
        "saveHtml": false,
        "saveJson": true,
        "consoleReporter": "spec",
        "useInlineDiffs": false,
        "code": true
      },
      "version": "7.1.4"
    },
    "marge": {
      "options": {
        "reportDir": "cypress/reports",
        "overwrite": false,
        "html": false,
        "json": true,
        "charts": true,
        "reportPageTitle": "Shady Meadows B&B — Test Report"
      },
      "version": "6.3.2"
    }
  }
}