{
  "stats": {
    "suites": 1,
    "tests": 3,
    "passes": 3,
    "pending": 0,
    "failures": 0,
    "start": "2026-04-21T19:03:38.923Z",
    "end": "2026-04-21T19:03:41.698Z",
    "duration": 2775,
    "testsRegistered": 3,
    "passPercent": 100,
    "pendingPercent": 0,
    "other": 0,
    "hasOther": false,
    "skipped": 0,
    "hasSkipped": false
  },
  "results": [
    {
      "uuid": "0cec8aac-6ead-4853-8a65-01927a820b0c",
      "title": "",
      "fullFile": "cypress\\e2e\\homePageSanity.cy.js",
      "file": "cypress\\e2e\\homePageSanity.cy.js",
      "beforeHooks": [],
      "afterHooks": [],
      "tests": [],
      "suites": [
        {
          "uuid": "7e8e7657-5b71-46ee-ba5f-a6fb193b1149",
          "title": "Home Page Sanity",
          "fullFile": "",
          "file": "",
          "beforeHooks": [],
          "afterHooks": [],
          "tests": [
            {
              "title": "should return HTTP 200 and display the correct page title",
              "fullTitle": "Home Page Sanity should return HTTP 200 and display the correct page title",
              "timedOut": null,
              "duration": 1525,
              "state": "passed",
              "speed": "fast",
              "pass": true,
              "fail": false,
              "pending": false,
              "context": null,
              "code": "cy.request('/').its('status').should('eq', 200);\ncy.title().should('eq', this.homedata.title);",
              "err": {},
              "uuid": "6e945022-833e-46df-80fd-e42d654c9cf8",
              "parentUUID": "7e8e7657-5b71-46ee-ba5f-a6fb193b1149",
              "isHook": false,
              "skipped": false
            },
            {
              "title": "should display the Contact form with all required fields visible",
              "fullTitle": "Home Page Sanity should display the Contact form with all required fields visible",
              "timedOut": null,
              "duration": 609,
              "state": "passed",
              "speed": "fast",
              "pass": true,
              "fail": false,
              "pending": false,
              "context": null,
              "code": "_homePage.default.validateContactForm();",
              "err": {},
              "uuid": "77dbf3ab-7126-4d1b-9285-93897d48ede4",
              "parentUUID": "7e8e7657-5b71-46ee-ba5f-a6fb193b1149",
              "isHook": false,
              "skipped": false
            },
            {
              "title": "should display Book Now buttons for all listed room types",
              "fullTitle": "Home Page Sanity should display Book Now buttons for all listed room types",
              "timedOut": null,
              "duration": 502,
              "state": "passed",
              "speed": "fast",
              "pass": true,
              "fail": false,
              "pending": false,
              "context": null,
              "code": "_homePage.default.validateBookNow(this.homedata.booknow);",
              "err": {},
              "uuid": "1ebf5e8a-cc0a-4dc9-8912-ee1c13cd565b",
              "parentUUID": "7e8e7657-5b71-46ee-ba5f-a6fb193b1149",
              "isHook": false,
              "skipped": false
            }
          ],
          "suites": [],
          "passes": [
            "6e945022-833e-46df-80fd-e42d654c9cf8",
            "77dbf3ab-7126-4d1b-9285-93897d48ede4",
            "1ebf5e8a-cc0a-4dc9-8912-ee1c13cd565b"
          ],
          "failures": [],
          "pending": [],
          "skipped": [],
          "duration": 2636,
          "root": false,
          "rootEmpty": false,
          "_timeout": 2000
        }
      ],
      "passes": [],
      "failures": [],
      "pending": [],
      "skipped": [],
      "duration": 0,
      "root": true,
      "rootEmpty": true,
      "_timeout": 2000
    }
  ],
  "meta": {
    "mocha": {
      "version": "7.2.0"
    },
    "mochawesome": {
      "options": {
        "quiet": false,
        "reportFilename": "mochawesome",
        "saveHtml": false,
        "saveJson": true,
        "consoleReporter": "spec",
        "useInlineDiffs": false,
        "code": true
      },
      "version": "7.1.4"
    },
    "marge": {
      "options": {
        "reportDir": "cypress/reports",
        "overwrite": false,
        "html": false,
        "json": true,
        "charts": true,
        "reportPageTitle": "Shady Meadows B&B — Test Report"
      },
      "version": "6.3.2"
    }
  }
}