{
  "stats": {
    "suites": 1,
    "tests": 3,
    "passes": 3,
    "pending": 0,
    "failures": 0,
    "start": "2026-04-21T19:00:22.094Z",
    "end": "2026-04-21T19:00:24.677Z",
    "duration": 2583,
    "testsRegistered": 3,
    "passPercent": 100,
    "pendingPercent": 0,
    "other": 0,
    "hasOther": false,
    "skipped": 0,
    "hasSkipped": false
  },
  "results": [
    {
      "uuid": "050bd5b2-4953-4220-9ca3-6496361b60d1",
      "title": "",
      "fullFile": "cypress\\e2e\\homePageSanity.cy.js",
      "file": "cypress\\e2e\\homePageSanity.cy.js",
      "beforeHooks": [],
      "afterHooks": [],
      "tests": [],
      "suites": [
        {
          "uuid": "6b68b423-4e6b-4bf7-bd26-987307fc3f53",
          "title": "Home Page Sanity",
          "fullFile": "",
          "file": "",
          "beforeHooks": [],
          "afterHooks": [],
          "tests": [
            {
              "title": "should return HTTP 200 and display the correct page title",
              "fullTitle": "Home Page Sanity should return HTTP 200 and display the correct page title",
              "timedOut": null,
              "duration": 1288,
              "state": "passed",
              "speed": "fast",
              "pass": true,
              "fail": false,
              "pending": false,
              "context": null,
              "code": "cy.request('/').its('status').should('eq', 200);\ncy.title().should('eq', this.homedata.title);",
              "err": {},
              "uuid": "034db24e-25da-4eb9-9aa4-665a808484bd",
              "parentUUID": "6b68b423-4e6b-4bf7-bd26-987307fc3f53",
              "isHook": false,
              "skipped": false
            },
            {
              "title": "should display the Contact form with all required fields visible",
              "fullTitle": "Home Page Sanity should display the Contact form with all required fields visible",
              "timedOut": null,
              "duration": 619,
              "state": "passed",
              "speed": "fast",
              "pass": true,
              "fail": false,
              "pending": false,
              "context": null,
              "code": "_homePage.default.validateContactForm();",
              "err": {},
              "uuid": "65fa8985-75e0-4d99-97db-99a8953776cb",
              "parentUUID": "6b68b423-4e6b-4bf7-bd26-987307fc3f53",
              "isHook": false,
              "skipped": false
            },
            {
              "title": "should display Book Now buttons for all listed room types",
              "fullTitle": "Home Page Sanity should display Book Now buttons for all listed room types",
              "timedOut": null,
              "duration": 521,
              "state": "passed",
              "speed": "fast",
              "pass": true,
              "fail": false,
              "pending": false,
              "context": null,
              "code": "_homePage.default.validateBookNow(this.homedata.booknow);",
              "err": {},
              "uuid": "d7c729b3-85eb-4e75-ba9c-fa6aace969bd",
              "parentUUID": "6b68b423-4e6b-4bf7-bd26-987307fc3f53",
              "isHook": false,
              "skipped": false
            }
          ],
          "suites": [],
          "passes": [
            "034db24e-25da-4eb9-9aa4-665a808484bd",
            "65fa8985-75e0-4d99-97db-99a8953776cb",
            "d7c729b3-85eb-4e75-ba9c-fa6aace969bd"
          ],
          "failures": [],
          "pending": [],
          "skipped": [],
          "duration": 2428,
          "root": false,
          "rootEmpty": false,
          "_timeout": 2000
        }
      ],
      "passes": [],
      "failures": [],
      "pending": [],
      "skipped": [],
      "duration": 0,
      "root": true,
      "rootEmpty": true,
      "_timeout": 2000
    }
  ],
  "meta": {
    "mocha": {
      "version": "7.2.0"
    },
    "mochawesome": {
      "options": {
        "quiet": false,
        "reportFilename": "mochawesome",
        "saveHtml": false,
        "saveJson": true,
        "consoleReporter": "spec",
        "useInlineDiffs": false,
        "code": true
      },
      "version": "7.1.4"
    },
    "marge": {
      "options": {
        "reportDir": "cypress/reports",
        "overwrite": false,
        "html": false,
        "json": true,
        "charts": true,
        "reportPageTitle": "Shady Meadows B&B — Test Report"
      },
      "version": "6.3.2"
    }
  }
}