{
  "stats": {
    "suites": 1,
    "tests": 5,
    "passes": 5,
    "pending": 0,
    "failures": 0,
    "start": "2026-04-21T18:53:57.487Z",
    "end": "2026-04-21T18:54:06.498Z",
    "duration": 9011,
    "testsRegistered": 5,
    "passPercent": 100,
    "pendingPercent": 0,
    "other": 0,
    "hasOther": false,
    "skipped": 0,
    "hasSkipped": false
  },
  "results": [
    {
      "uuid": "99cc8948-d186-479b-b06d-059774dca80e",
      "title": "",
      "fullFile": "cypress\\e2e\\dashboard.cy.js",
      "file": "cypress\\e2e\\dashboard.cy.js",
      "beforeHooks": [],
      "afterHooks": [],
      "tests": [],
      "suites": [
        {
          "uuid": "52ba6cd4-63d6-4df4-ac20-ba828aab5912",
          "title": "Dashboard Page",
          "fullFile": "",
          "file": "",
          "beforeHooks": [],
          "afterHooks": [],
          "tests": [
            {
              "title": "should redirect to the admin dashboard after valid login",
              "fullTitle": "Dashboard Page should redirect to the admin dashboard after valid login",
              "timedOut": null,
              "duration": 2857,
              "state": "passed",
              "speed": "fast",
              "pass": true,
              "fail": false,
              "pending": false,
              "context": null,
              "code": "_loginPage.default.loginWithDefaultCredentials();\n_dashboardPage.default.verifyDashboardLoaded();",
              "err": {},
              "uuid": "4ea3e820-fb53-4f60-9bb8-ca7f37402dd9",
              "parentUUID": "52ba6cd4-63d6-4df4-ac20-ba828aab5912",
              "isHook": false,
              "skipped": false
            },
            {
              "title": "Verify navigation bar after login",
              "fullTitle": "Dashboard Page Verify navigation bar after login",
              "timedOut": null,
              "duration": 1212,
              "state": "passed",
              "speed": "fast",
              "pass": true,
              "fail": false,
              "pending": false,
              "context": null,
              "code": "_loginPage.default.loginWithDefaultCredentials();\n_dashboardPage.default.verifyHeader();",
              "err": {},
              "uuid": "f9743ecb-f32f-4ce7-89bb-a52fe25448a8",
              "parentUUID": "52ba6cd4-63d6-4df4-ac20-ba828aab5912",
              "isHook": false,
              "skipped": false
            },
            {
              "title": "should navigate to the Messages view via the nav link",
              "fullTitle": "Dashboard Page should navigate to the Messages view via the nav link",
              "timedOut": null,
              "duration": 1642,
              "state": "passed",
              "speed": "fast",
              "pass": true,
              "fail": false,
              "pending": false,
              "context": null,
              "code": "_loginPage.default.loginWithDefaultCredentials();\n_dashboardPage.default.selectMessages();",
              "err": {},
              "uuid": "4d8eb44b-348e-418c-8d4c-a52548ebc1e6",
              "parentUUID": "52ba6cd4-63d6-4df4-ac20-ba828aab5912",
              "isHook": false,
              "skipped": false
            },
            {
              "title": "should log out and return to the login page",
              "fullTitle": "Dashboard Page should log out and return to the login page",
              "timedOut": null,
              "duration": 1157,
              "state": "passed",
              "speed": "fast",
              "pass": true,
              "fail": false,
              "pending": false,
              "context": null,
              "code": "_loginPage.default.loginWithDefaultCredentials();\n_dashboardPage.default.verifyLogout();",
              "err": {},
              "uuid": "64660560-7e8e-4ce2-973a-e928940d0ff0",
              "parentUUID": "52ba6cd4-63d6-4df4-ac20-ba828aab5912",
              "isHook": false,
              "skipped": false
            },
            {
              "title": "Verify Rooms tab navigation",
              "fullTitle": "Dashboard Page Verify Rooms tab navigation",
              "timedOut": null,
              "duration": 1694,
              "state": "passed",
              "speed": "fast",
              "pass": true,
              "fail": false,
              "pending": false,
              "context": null,
              "code": "_loginPage.default.loginWithDefaultCredentials();\n_roomsPage.default.selectRoom();",
              "err": {},
              "uuid": "fbc87e29-99a9-403b-8cfc-fa465af0aa52",
              "parentUUID": "52ba6cd4-63d6-4df4-ac20-ba828aab5912",
              "isHook": false,
              "skipped": false
            }
          ],
          "suites": [],
          "passes": [
            "4ea3e820-fb53-4f60-9bb8-ca7f37402dd9",
            "f9743ecb-f32f-4ce7-89bb-a52fe25448a8",
            "4d8eb44b-348e-418c-8d4c-a52548ebc1e6",
            "64660560-7e8e-4ce2-973a-e928940d0ff0",
            "fbc87e29-99a9-403b-8cfc-fa465af0aa52"
          ],
          "failures": [],
          "pending": [],
          "skipped": [],
          "duration": 8562,
          "root": false,
          "rootEmpty": false,
          "_timeout": 2000
        }
      ],
      "passes": [],
      "failures": [],
      "pending": [],
      "skipped": [],
      "duration": 0,
      "root": true,
      "rootEmpty": true,
      "_timeout": 2000
    }
  ],
  "meta": {
    "mocha": {
      "version": "7.2.0"
    },
    "mochawesome": {
      "options": {
        "quiet": false,
        "reportFilename": "mochawesome",
        "saveHtml": false,
        "saveJson": true,
        "consoleReporter": "spec",
        "useInlineDiffs": false,
        "code": true
      },
      "version": "7.1.4"
    },
    "marge": {
      "options": {
        "reportDir": "cypress/reports",
        "overwrite": false,
        "html": false,
        "json": true,
        "charts": true,
        "reportPageTitle": "Shady Meadows B&B — Test Report"
      },
      "version": "6.3.2"
    }
  }
}